<?xml version="1.0" encoding="UTF-8"?>
<!-- Generated by org.testng.reporters.JUnitReportReporter -->
<testsuite skipped="0" hostname="DESKTOP-7KU51SA" name="utils.Login_Test" tests="1" failures="0" timestamp="31 Jul 2019 16:37:12 GMT" time="26.533" errors="0">
  <testcase name="Check_ValidUser" time="26.533" classname="utils.Login_Test"/>
</testsuite> <!-- utils.Login_Test -->
