<?xml version="1.0" encoding="UTF-8"?>
<!-- Generated by org.testng.reporters.JUnitReportReporter -->
<testsuite skipped="4" hostname="DESKTOP-7KU51SA" name="Open_MRS_POM.Open_MRS_Engine" tests="5" failures="0" timestamp="26 Jul 2019 09:18:50 GMT" time="10.486" errors="0">
  <testcase name="User_Login" time="10.486" classname="Open_MRS_POM.Open_MRS_Engine"/>
  <testcase name="User_Logout" classname="Open_MRS_POM.Open_MRS_Engine">
    <skipped/>
  </testcase> <!-- User_Logout -->
  <testcase name="Verify_Patient_Reg" classname="Open_MRS_POM.Open_MRS_Engine">
    <skipped/>
  </testcase> <!-- Verify_Patient_Reg -->
  <testcase name="Find_Patient_Record" classname="Open_MRS_POM.Open_MRS_Engine">
    <skipped/>
  </testcase> <!-- Find_Patient_Record -->
  <testcase name="Verify_Patient_Registration" classname="Open_MRS_POM.Open_MRS_Engine">
    <skipped/>
  </testcase> <!-- Verify_Patient_Registration -->
</testsuite> <!-- Open_MRS_POM.Open_MRS_Engine -->
