<?xml version="1.0" encoding="UTF-8"?>
<!-- Generated by org.testng.reporters.JUnitReportReporter -->
<testsuite skipped="0" hostname="DESKTOP-7KU51SA" name="Utils.Sending_Emails" tests="1" failures="0" timestamp="03 Aug 2019 10:46:02 GMT" time="0.015" errors="0">
  <testcase name="Simple_Email" time="0.015" classname="Utils.Sending_Emails"/>
</testsuite> <!-- Utils.Sending_Emails -->
